<?xml version="1.0" encoding="UTF-8"?>
<testsuite name="com.stratio.common.utils.components.repository.RepositoryComponentTest" time="0" tests="16" errors="0" skipped="0" failures="0">
  <properties>
    <property name="java.runtime.name" value="OpenJDK Runtime Environment"/>
    <property name="sun.boot.library.path" value="/usr/lib/jvm/java-8-openjdk-amd64/jre/lib/amd64"/>
    <property name="java.vm.version" value="25.45-b02"/>
    <property name="java.vm.vendor" value="Oracle Corporation"/>
    <property name="java.vendor.url" value="http://java.oracle.com/"/>
    <property name="path.separator" value=":"/>
    <property name="guice.disable.misplaced.annotation.check" value="true"/>
    <property name="java.vm.name" value="OpenJDK 64-Bit Server VM"/>
    <property name="file.encoding.pkg" value="sun.io"/>
    <property name="user.country" value="US"/>
    <property name="sun.java.launcher" value="SUN_STANDARD"/>
    <property name="sun.os.patch.level" value="unknown"/>
    <property name="java.vm.specification.name" value="Java Virtual Machine Specification"/>
    <property name="user.dir" value="/root/workspace/Common-utils/cuP33"/>
    <property name="java.runtime.version" value="1.8.0_45-internal-b14"/>
    <property name="java.awt.graphicsenv" value="sun.awt.X11GraphicsEnvironment"/>
    <property name="java.endorsed.dirs" value="/usr/lib/jvm/java-8-openjdk-amd64/jre/lib/endorsed"/>
    <property name="os.arch" value="amd64"/>
    <property name="java.io.tmpdir" value="/tmp"/>
    <property name="line.separator" value="
"/>
    <property name="java.vm.specification.vendor" value="Oracle Corporation"/>
    <property name="os.name" value="Linux"/>
    <property name="classworlds.conf" value="/root/tools/hudson.tasks.Maven_MavenInstallation/Maven-3.2.5/bin/m2.conf"/>
    <property name="sun.jnu.encoding" value="ANSI_X3.4-1968"/>
    <property name="java.library.path" value="/usr/java/packages/lib/amd64:/usr/lib/x86_64-linux-gnu/jni:/lib/x86_64-linux-gnu:/usr/lib/x86_64-linux-gnu:/usr/lib/jni:/lib:/usr/lib"/>
    <property name="license.skip" value="true"/>
    <property name="java.specification.name" value="Java Platform API Specification"/>
    <property name="java.class.version" value="52.0"/>
    <property name="sun.management.compiler" value="HotSpot 64-Bit Tiered Compilers"/>
    <property name="os.version" value="3.19.0-47-generic"/>
    <property name="user.home" value="/root"/>
    <property name="user.timezone" value="Etc/UTC"/>
    <property name="java.awt.printerjob" value="sun.print.PSPrinterJob"/>
    <property name="file.encoding" value="UTF-8"/>
    <property name="java.specification.version" value="1.8"/>
    <property name="user.name" value="root"/>
    <property name="java.class.path" value="/root/tools/hudson.tasks.Maven_MavenInstallation/Maven-3.2.5/boot/plexus-classworlds-2.5.2.jar"/>
    <property name="java.vm.specification.version" value="1.8"/>
    <property name="sun.arch.data.model" value="64"/>
    <property name="java.home" value="/usr/lib/jvm/java-8-openjdk-amd64/jre"/>
    <property name="sun.java.command" value="org.codehaus.plexus.classworlds.launcher.Launcher -B -T 0.5C -Dlicense.skip test"/>
    <property name="java.specification.vendor" value="Oracle Corporation"/>
    <property name="user.language" value="en"/>
    <property name="awt.toolkit" value="sun.awt.X11.XToolkit"/>
    <property name="java.vm.info" value="mixed mode"/>
    <property name="java.version" value="1.8.0_45-internal"/>
    <property name="java.ext.dirs" value="/usr/lib/jvm/java-8-openjdk-amd64/jre/lib/ext:/usr/java/packages/lib/ext"/>
    <property name="securerandom.source" value="file:/dev/./urandom"/>
    <property name="sun.boot.class.path" value="/usr/lib/jvm/java-8-openjdk-amd64/jre/lib/resources.jar:/usr/lib/jvm/java-8-openjdk-amd64/jre/lib/rt.jar:/usr/lib/jvm/java-8-openjdk-amd64/jre/lib/sunrsasign.jar:/usr/lib/jvm/java-8-openjdk-amd64/jre/lib/jsse.jar:/usr/lib/jvm/java-8-openjdk-amd64/jre/lib/jce.jar:/usr/lib/jvm/java-8-openjdk-amd64/jre/lib/charsets.jar:/usr/lib/jvm/java-8-openjdk-amd64/jre/lib/jfr.jar:/usr/lib/jvm/java-8-openjdk-amd64/jre/classes"/>
    <property name="java.vendor" value="Oracle Corporation"/>
    <property name="maven.home" value="/root/tools/hudson.tasks.Maven_MavenInstallation/Maven-3.2.5"/>
    <property name="file.separator" value="/"/>
    <property name="java.vendor.url.bug" value="http://bugreport.sun.com/bugreport/"/>
    <property name="sun.cpu.endian" value="little"/>
    <property name="sun.io.unicode.encoding" value="UnicodeLittle"/>
    <property name="sun.cpu.isalist" value=""/>
  </properties>
  <testcase name="A repository component when get an element should return an option with the value if the key exists [Scala 2.11]" classname="com.stratio.common.utils.components.repository.RepositoryComponentTest" time="0"/>
  <testcase name="A repository component when get an element should return None if the key doesn't exist [Scala 2.11]" classname="com.stratio.common.utils.components.repository.RepositoryComponentTest" time="0"/>
  <testcase name="A repository component when getAll elements should return all elements if the operation is successful [Scala 2.11]" classname="com.stratio.common.utils.components.repository.RepositoryComponentTest" time="0"/>
  <testcase name="A repository component when getAll elements should return and empty list if the operation is not successful [Scala 2.11]" classname="com.stratio.common.utils.components.repository.RepositoryComponentTest" time="0"/>
  <testcase name="A repository component when getNodes elements should return all nodes if the operation is successful [Scala 2.11]" classname="com.stratio.common.utils.components.repository.RepositoryComponentTest" time="0"/>
  <testcase name="A repository component when getNodes elements should return and empty list if the operation is not successful [Scala 2.11]" classname="com.stratio.common.utils.components.repository.RepositoryComponentTest" time="0"/>
  <testcase name="A repository component when check if a value exists should return true if the value exists [Scala 2.11]" classname="com.stratio.common.utils.components.repository.RepositoryComponentTest" time="0"/>
  <testcase name="A repository component when check if a value exists should return false if the value doesn't exist [Scala 2.11]" classname="com.stratio.common.utils.components.repository.RepositoryComponentTest" time="0"/>
  <testcase name="A repository component when create a new value should return true if the operation is successful [Scala 2.11]" classname="com.stratio.common.utils.components.repository.RepositoryComponentTest" time="0"/>
  <testcase name="A repository component when create a new value should return false if the operation is not successful [Scala 2.11]" classname="com.stratio.common.utils.components.repository.RepositoryComponentTest" time="0"/>
  <testcase name="A repository component when remove a value should check that the element does not exist when it has been removed [Scala 2.11]" classname="com.stratio.common.utils.components.repository.RepositoryComponentTest" time="0"/>
  <testcase name="A repository component when remove a value should do anything when a not existing element is removed [Scala 2.11]" classname="com.stratio.common.utils.components.repository.RepositoryComponentTest" time="0"/>
  <testcase name="A repository component when remove all values should check that the element does not exist when it has been removed all [Scala 2.11]" classname="com.stratio.common.utils.components.repository.RepositoryComponentTest" time="0"/>
  <testcase name="A repository component when remove all values should do anything when a not existing element is removed all [Scala 2.11]" classname="com.stratio.common.utils.components.repository.RepositoryComponentTest" time="0"/>
  <testcase name="A repository component when update a value should check that the element has been updated with the new value [Scala 2.11]" classname="com.stratio.common.utils.components.repository.RepositoryComponentTest" time="0"/>
  <testcase name="A repository component when update a value should do anything when a not existing element is updated [Scala 2.11]" classname="com.stratio.common.utils.components.repository.RepositoryComponentTest" time="0"/>
</testsuite>